91|18|1440|firefox|1
384|483|1440|firefox|1
92|19|1440|firefox|1
34|25|1440|firefox|1
6|21|1440|firefox|1
41|26|941|msie|0
103|25|941|msie|0
22|23|1440|firefox|1
85|21|1440|firefox|1
36|21|1440|firefox|1
809|614|1440|firefox|1
574|643|1440|firefox|1
1202|166|1440|firefox|1
85|23|1440|firefox|1
23|23|1440|firefox|1
422|19|1440|firefox|1
303|299|1440|firefox|1
300|238|1440|firefox|1
77|22|1440|firefox|1
15|25|1440|firefox|1
855|485|1440|firefox|1
31|14|1440|firefox|1
22|22|1440|firefox|1
577|270|1440|firefox|1
628|333|1440|firefox|1
132|595|1440|firefox|1
701|668|1440|firefox|1
989|644|1440|firefox|1
366|22|1440|firefox|1
277|20|1440|firefox|1
20|27|1440|firefox|1
20|22|1440|firefox|1
866|25|1440|firefox|1
39|19|1440|firefox|1
971|478|1440|firefox|1
1343|182|1440|firefox|1
375|423|1440|firefox|1
4|15|1440|firefox|1
82|19|1440|firefox|1
31|18|1440|firefox|1
26|18|1440|firefox|1
28|13|1440|firefox|1
78|25|1440|firefox|1
16|23|1440|firefox|1
936|496|1440|firefox|1
27|98|1440|firefox|1
26|17|1440|firefox|1
72|17|1440|firefox|1
192|23|1440|firefox|1
17|25|1440|firefox|1
440|27|1440|firefox|1
16|21|1440|firefox|1
30|24|1440|firefox|1
88|24|1440|firefox|1
136|23|1440|firefox|1
14|23|1440|firefox|1
182|21|1440|firefox|1
244|25|1440|firefox|1
775|26|1440|firefox|1
16|22|1440|firefox|1
85|20|1440|firefox|1
24|22|1440|firefox|1
658|540|1440|firefox|1
837|483|1440|firefox|1
